<?xml version="1.0" encoding="UTF-8"?>
<!-- Generated by org.testng.reporters.JUnitXMLReporter -->
<testsuite ignored="0" hostname="Abdulraheem" failures="0" tests="4" name="Default test" time="3.829" errors="0" timestamp="2024-10-22T21:08:15 EET">
  <testcase classname="myTestcases" name="CheckTheEnglishLanguageIsDefault" time="0.029"/>
  <testcase classname="myTestcases" name="CheckTheDefaultCurrencyIsSAR" time="0.027"/>
  <testcase classname="myTestcases" name="CheckContactNumber" time="0.041"/>
  <testcase classname="myTestcases" name="CheckQitafLogoIsThereInTheFooter" time="0.037"/>
</testsuite> <!-- Default test -->
