<?xml version="1.0" encoding="UTF-8"?>
<!-- Generated by org.testng.reporters.JUnitXMLReporter -->
<testsuite ignored="8" hostname="Abdulraheem" failures="0" tests="2" name="Default test" time="24.797" errors="0" timestamp="2024-11-06T21:04:00 EET">
  <testcase classname="myTestcases" name="RandomlyChangeTheLanguage" time="5.217"/>
  <testcase classname="myTestcases" name="CheckTheSortOption" time="17.626"/>
  <testcase classname="myTestcases" name="CheckReturnDate" time="0.0">
    <ignored/>
  </testcase> <!-- CheckReturnDate -->
  <testcase classname="myTestcases" name="CheckHotelTabIsNotSelected" time="0.0">
    <ignored/>
  </testcase> <!-- CheckHotelTabIsNotSelected -->
  <testcase classname="myTestcases" name="CheckQitafLogoIsThereInTheFooter" time="0.0">
    <ignored/>
  </testcase> <!-- CheckQitafLogoIsThereInTheFooter -->
  <testcase classname="myTestcases" name="CheckContactNumber" time="0.0">
    <ignored/>
  </testcase> <!-- CheckContactNumber -->
  <testcase classname="myTestcases" name="CheckDepatureDate" time="0.0">
    <ignored/>
  </testcase> <!-- CheckDepatureDate -->
  <testcase classname="myTestcases" name="CheckTheEnglishLanguageIsDefault" time="0.0">
    <ignored/>
  </testcase> <!-- CheckTheEnglishLanguageIsDefault -->
  <testcase classname="myTestcases" name="CheckThatThePageIsFullyLoaded" time="0.0">
    <ignored/>
  </testcase> <!-- CheckThatThePageIsFullyLoaded -->
  <testcase classname="myTestcases" name="CheckTheDefaultCurrencyIsSAR" time="0.0">
    <ignored/>
  </testcase> <!-- CheckTheDefaultCurrencyIsSAR -->
</testsuite> <!-- Default test -->
