<?xml version="1.0" encoding="UTF-8"?>
<testng-results ignored="7" total="8" passed="1" failed="0" skipped="0">
  <reporter-output>
  </reporter-output>
  <suite started-at="2024-10-23T21:33:03 EET" name="Default suite" finished-at="2024-10-23T21:33:06 EET" duration-ms="3145">
    <groups>
    </groups>
    <test started-at="2024-10-23T21:33:03 EET" name="Default test" finished-at="2024-10-23T21:33:06 EET" duration-ms="3145">
      <class name="myTestcases">
        <test-method is-config="true" signature="mySetup()[pri:0, instance:myTestcases@18920cc]" started-at="2024-10-23T21:33:03 EET" name="mySetup" finished-at="2024-10-23T21:33:05 EET" duration-ms="2393" status="PASS">
          <reporter-output>
          </reporter-output>
        </test-method> <!-- mySetup -->
        <test-method signature="RandomlyChangeTheLanguage()[pri:8, instance:myTestcases@18920cc]" started-at="2024-10-23T21:33:05 EET" name="RandomlyChangeTheLanguage" finished-at="2024-10-23T21:33:06 EET" duration-ms="722" status="PASS">
          <reporter-output>
          </reporter-output>
        </test-method> <!-- RandomlyChangeTheLanguage -->
      </class> <!-- myTestcases -->
    </test> <!-- Default test -->
  </suite> <!-- Default suite -->
</testng-results>
